0 info it worked if it ends with ok
1 verbose cli [ '/usr/bin/nodejs', '/usr/bin/npm', 'run', 'dev' ]
2 info using npm@3.10.10
3 info using node@v6.11.1
4 verbose run-script [ 'predev', 'dev', 'postdev' ]
5 info lifecycle weapp-card@0.0.2~predev: weapp-card@0.0.2
6 silly lifecycle weapp-card@0.0.2~predev: no script for predev, continuing
7 info lifecycle weapp-card@0.0.2~dev: weapp-card@0.0.2
8 verbose lifecycle weapp-card@0.0.2~dev: unsafe-perm in lifecycle true
9 verbose lifecycle weapp-card@0.0.2~dev: PATH: /usr/lib/node_modules/npm/bin/node-gyp-bin:/home/vagrant/Code/weapp-card/node_modules/.bin:/home/vagrant/.composer/vendor/bin:/home/vagrant/bin:/home/vagrant/.local/bin:/usr/local/sbin:/usr/local/bin:/usr/sbin:/usr/bin:/sbin:/bin:/usr/games:/usr/local/games:/snap/bin
10 verbose lifecycle weapp-card@0.0.2~dev: CWD: /home/vagrant/Code/weapp-card
11 silly lifecycle weapp-card@0.0.2~dev: Args: [ '-c', 'wepy build --watch' ]
12 info lifecycle weapp-card@0.0.2~dev: Failed to exec dev script
13 verbose stack Error: weapp-card@0.0.2 dev: `wepy build --watch`
13 verbose stack spawn ENOENT
13 verbose stack     at ChildProcess.<anonymous> (/usr/lib/node_modules/npm/lib/utils/spawn.js:33:16)
13 verbose stack     at emitTwo (events.js:106:13)
13 verbose stack     at ChildProcess.emit (events.js:191:7)
13 verbose stack     at maybeClose (internal/child_process.js:891:16)
13 verbose stack     at Process.ChildProcess._handle.onexit (internal/child_process.js:226:5)
14 verbose pkgid weapp-card@0.0.2
15 verbose cwd /home/vagrant/Code/weapp-card
16 error Linux 4.4.0-81-generic
17 error argv "/usr/bin/nodejs" "/usr/bin/npm" "run" "dev"
18 error node v6.11.1
19 error npm  v3.10.10
20 error file sh
21 error code ELIFECYCLE
22 error errno ENOENT
23 error syscall spawn
24 error weapp-card@0.0.2 dev: `wepy build --watch`
24 error spawn ENOENT
25 error Failed at the weapp-card@0.0.2 dev script 'wepy build --watch'.
25 error Make sure you have the latest version of node.js and npm installed.
25 error If you do, this is most likely a problem with the weapp-card package,
25 error not with npm itself.
25 error Tell the author that this fails on your system:
25 error     wepy build --watch
25 error You can get information on how to open an issue for this project with:
25 error     npm bugs weapp-card
25 error Or if that isn't available, you can get their info via:
25 error     npm owner ls weapp-card
25 error There is likely additional logging output above.
26 verbose exit [ 1, true ]
